TN:
SF:src\use-cases\submit-feedback-use-case.ts
FN:20,execute
FN:14,SubmitFeedbackUseCase
FNF:2
FNH:2
FNDA:4,execute
FNDA:1,SubmitFeedbackUseCase
DA:1,1
DA:2,1
DA:3,1
DA:4,1
DA:5,1
DA:6,1
DA:7,1
DA:8,1
DA:9,1
DA:10,1
DA:11,1
DA:12,1
DA:13,1
DA:14,1
DA:15,1
DA:16,1
DA:17,1
DA:18,1
DA:19,1
DA:20,1
DA:21,4
DA:22,4
DA:23,4
DA:24,4
DA:25,3
DA:26,3
DA:27,1
DA:28,4
DA:29,0
DA:30,0
DA:31,1
DA:32,1
DA:33,4
DA:34,1
DA:35,1
DA:36,0
DA:37,0
DA:38,0
DA:39,0
DA:40,0
DA:41,0
DA:42,0
DA:43,0
DA:44,0
DA:45,0
DA:46,0
DA:47,0
DA:48,0
DA:49,0
DA:50,0
DA:51,0
DA:52,0
DA:53,0
DA:54,0
DA:55,0
DA:56,0
DA:57,0
DA:58,0
DA:59,0
DA:60,0
DA:61,0
DA:62,0
DA:63,1
DA:64,1
LF:64
LH:35
BRDA:20,0,0,4
BRDA:24,1,0,3
BRDA:27,2,0,1
BRDA:28,3,0,0
BRDA:31,4,0,1
BRDA:33,5,0,1
BRDA:36,6,0,0
BRDA:14,7,0,1
BRF:8
BRH:6
end_of_record
